94
70
56
56
53
98
63
58
88
69
80
78
66
48
62
53
69
52
66
88
100
72
41
48
53
52
105
94
61
70
57
52
82
45
167
40
115
40
79
41
34
62
76
86
33
90
76
129
76
58
58
54
80
41
42
111
84
78
85
66
113
46
55
57
48
58
46
187
51
123
66
55
60
57
111
77
53
64
102
51
95
92
70
80
93
98
104
73
62
63
52
61
42
39
65
55
43
47
64
58
40
52
50
56
58
65
79
80
57
47
69
54
58
61
50
40
111
82
33
112
57
61
46
54
56
95
71
37
61
56
53
67
115
68
53
44
96
84
41
71
68
114
60
77
52
64
59
47
66
53
65
45
55
65
46
71
83
76
66
94
119
51
42
61
71
57
85
76
90
76
61
162
116
58
68
61
68
190
80
97
105
56
65
69
49
55
59
133
94
71
74
64
44
63
61
104
52
52
84
127
71
115
62
69
83
91
59
77
55
45
65
49
98
67
56
38
40
115
57
69
38
57
114
70
48
83
62
56
84
91
71
66
54
49
57
103
81
57
83
78
108
60
84
59
89
74
40
80
70
43
115
73
67
62
69
48
82
50
64
63
60
85
47
63
54
51
82
72
63
73
54
89
43
65
46
53
145
42
116
59
73
60
55
53
82
70
58
53
40
44
52
109
72
67
68
60
74
56
50
81
65
54
55
95
56
53
59
107
67
57
75
90
58
67
63
62
55
113
74
28
45
49
128
93
69
77
42
53
55
69
30
56
56
37
63
85
65
64
54
105
59
91
91
97
88
56
103
48
83
107
51
42
68
60
67
100
60
68
51
61
52
54
107
90
111
91
55
51
84
77
85
46
50
65
53
76
60
115
57
77
109
78
83
100
97
63
65
60
61
125
110
49
58
66
72
81
53
134
78
80
70
48
80
106
62
45
88
75
96
47
60
82
99
53
49
32
78
53
43
68
96
79
65
93
40
60
38
66
26
63
73
48
52
99
92
44
63
74
38
71
102
63
61
58
63
62
90
65
69
71
67
85
42
83
50
59
86
48
47
51
56
95
49
79
58
44
73
89
62
109
63
75
46
72
121
63
47
55
94
31
48
74
65
47
107
75
75
65
68
59
61
58
47
87
36
112
73
61
87
89
38
43
67
58
67
111
78
55
79
53
49
56
62
78
109
106
79
86
88
96
56
63
60
56
56
60
58
71
73
56
28
57
102
53
50
82
54
104
41
86
56
80
63
74
111
73
68
59
70
49
120
71
66
72
136
46
106
87
69
62
118
50
76
61
91
64
76
60
46
55
49
65
52
57
119
90
85
43
70
82
83
58
45
92
75
42
79
96
83
66
59
40
97
105
138
88
73
73
67
49
53
85
49
43
52
78
50
50
74
75
84
40
69
64
51
67
70
117
45
93
142
64
75
104
55
128
53
74
51
105
96
66
103
65
49
98
80
70
54
57
77
70
51
78
163
72
47
60
51
91
69
47
38
79
93
87
108
75
60
56
49
54
75
57
71
87
75
69
108
71
82
30
80
111
58
64
75
83
94
47
80
94
64
68
44
56
86
64
76
52
32
82
69
55
73
54
126
47
96
129
47
54
45
68
58
66
61
105
82
88
114
122
57
64
74
54
70
86
51
86
67
101
47
97
58
90
98
94
66
81
64
93
75
101
72
57
51
79
76
71
91
46
54
54
82
73
108
69
75
50
92
45
62
51
66
80
71
64
47
64
63
57
43
64
37
40
54
102
56
65
72
71
106
68
43
50
63
65
68
51
57
90
51
46
74
69
77
58
55
80
47
68
62
92
53
73
70
46
59
67
33
45
46
36
67
75
40
68
101
78
65
53
68
57
54
87
39
65
77
40
51
49
43
80
64
77
52
58
61
48
58
48
47
130
49
111
50
63
81
90
44
111
56
38
58
101
99
54
134
66
46
81
68
46
81
45
51
106
89
117
50
70
64
87
68
50
68
69
103
53
54
115
47
110
71
70
51
89
57
70
71
54
50
93
95
47
39
64
48
79
123
93
65
52
60
48
52
88
69
78
89
49
91
58
61
53
75
62
79
81
66
51
75
65
78
54
97
54
147
52
101
113
57
55
148
63
95
77
61
52
43
66
46
69
59
44
118
81
73
59
48
74
74
68
68
50
116
90
59
98
55
123
58
61
54
72
87
39
73
56
75
100
90
58
90
58
51
84
49
69
52
75
95
61
62
50
61
96
113
53
117
60
57
92
44
83
69
108
51
66
65
42
48
66
46
63
51
77
56
69
